SF:lib\domain\usecases\search_movies.dart
DA:9,1
DA:11,1
DA:12,2
LF:3
LH:3
end_of_record
SF:lib\domain\usecases\search_tv_series.dart
DA:9,1
DA:11,1
DA:12,2
LF:3
LH:3
end_of_record
SF:lib\bloc\tv_series\search_tv_series_state.dart
DA:4,4
DA:6,1
DA:7,1
DA:17,3
DA:19,1
DA:20,2
DA:26,2
DA:28,1
DA:29,2
LF:9
LH:9
end_of_record
SF:lib\bloc\tv_series\search_tv_series_event.dart
DA:4,2
DA:6,0
DA:7,0
DA:13,2
DA:15,0
DA:16,0
LF:6
LH:2
end_of_record
SF:lib\bloc\tv_series\search_tv_series_bloc.dart
DA:12,1
DA:13,3
DA:17,3
DA:18,1
DA:19,1
DA:20,1
DA:22,2
DA:23,2
DA:25,1
DA:26,1
DA:27,3
DA:29,1
DA:30,2
DA:34,1
LF:14
LH:14
end_of_record
SF:lib\presentation\pages\search_tv_series_page.dart
DA:8,1
DA:10,1
DA:12,1
DA:13,1
DA:16,1
DA:18,1
DA:20,1
DA:21,1
DA:22,1
DA:23,3
DA:33,1
DA:35,1
DA:37,1
DA:38,1
DA:39,1
DA:43,1
DA:44,1
DA:45,1
DA:46,1
DA:48,1
DA:49,1
DA:50,1
DA:52,1
DA:55,1
DA:56,1
DA:57,1
DA:58,1
DA:60,1
DA:64,1
DA:65,1
DA:66,1
DA:68,2
DA:72,0
DA:73,0
LF:34
LH:32
end_of_record
SF:lib\bloc\movies\search_movie_state.dart
DA:4,2
DA:6,1
DA:7,1
DA:17,2
DA:19,1
DA:20,2
DA:26,2
DA:28,1
DA:29,2
LF:9
LH:9
end_of_record
SF:lib\bloc\movies\search_movie_event.dart
DA:4,2
DA:6,0
DA:7,0
DA:13,2
DA:15,0
DA:16,0
LF:6
LH:2
end_of_record
SF:lib\bloc\movies\search_movie_bloc.dart
DA:11,1
DA:12,3
DA:16,3
DA:17,1
DA:18,1
DA:19,1
DA:21,2
DA:22,2
DA:24,1
DA:25,1
DA:26,3
DA:28,1
DA:29,2
DA:33,1
LF:14
LH:14
end_of_record
SF:lib\presentation\pages\search_movies_page.dart
DA:9,1
DA:11,1
DA:13,1
DA:14,1
DA:17,1
DA:19,1
DA:21,1
DA:22,1
DA:23,1
DA:24,3
DA:34,1
DA:36,1
DA:38,1
DA:39,1
DA:40,1
DA:44,1
DA:45,1
DA:46,1
DA:47,1
DA:49,1
DA:50,1
DA:51,1
DA:53,1
DA:56,1
DA:57,1
DA:58,1
DA:59,1
DA:61,1
DA:65,1
DA:66,1
DA:67,1
DA:69,2
DA:73,0
DA:74,0
LF:34
LH:32
end_of_record
