SF:lib\domain\usecases\get_now_playing_tv_series.dart
DA:9,1
DA:11,1
DA:12,2
LF:3
LH:3
end_of_record
SF:lib\domain\usecases\get_tv_series_detail.dart
DA:9,0
DA:11,0
DA:12,0
LF:3
LH:0
end_of_record
SF:lib\presentation\bloc\detail_tv_series_bloc\detail_tv_series_state.dart
DA:4,4
DA:6,1
DA:7,1
DA:17,3
DA:19,1
DA:20,2
DA:26,2
DA:28,1
DA:29,2
LF:9
LH:9
end_of_record
SF:lib\presentation\bloc\detail_tv_series_bloc\detail_tv_series_bloc.dart
DA:13,1
DA:15,2
DA:16,2
DA:17,2
DA:19,1
DA:20,2
DA:22,1
DA:23,4
DA:24,3
LF:9
LH:9
end_of_record
SF:lib\presentation\bloc\detail_tv_series_bloc\detail_tv_series_event.dart
DA:4,2
DA:6,0
DA:7,0
DA:13,2
DA:15,0
DA:16,0
LF:6
LH:2
end_of_record
SF:lib\presentation\bloc\now_playing_tv_series_bloc\now_playing_tv_series_bloc.dart
DA:13,1
DA:14,2
DA:15,2
DA:16,2
DA:18,2
DA:20,1
DA:21,4
DA:22,3
LF:8
LH:8
end_of_record
SF:lib\presentation\bloc\now_playing_tv_series_bloc\now_playing_tv_series_state.dart
DA:4,4
DA:6,1
DA:7,1
DA:17,3
DA:19,1
DA:20,2
DA:26,2
DA:28,1
DA:29,2
LF:9
LH:9
end_of_record
SF:lib\presentation\bloc\now_playing_tv_series_bloc\now_playing_tv_series_event.dart
DA:4,2
DA:6,0
DA:7,0
LF:3
LH:1
end_of_record
SF:lib\domain\usecases\get_popular_tv_series.dart
DA:9,0
DA:11,0
DA:12,0
LF:3
LH:0
end_of_record
SF:lib\presentation\bloc\popular_tv_series_bloc\popular_tv_series_state.dart
DA:4,4
DA:6,1
DA:7,1
DA:17,3
DA:19,1
DA:20,2
DA:26,2
DA:28,1
DA:29,2
LF:9
LH:9
end_of_record
SF:lib\presentation\bloc\popular_tv_series_bloc\popular_tv_series_bloc.dart
DA:13,3
DA:14,2
DA:15,2
DA:17,2
DA:19,1
DA:20,4
DA:21,3
LF:7
LH:7
end_of_record
SF:lib\presentation\bloc\popular_tv_series_bloc\popular_tv_series_event.dart
DA:4,2
DA:6,0
DA:7,0
LF:3
LH:1
end_of_record
SF:lib\domain\usecases\get_tv_series_recommendations.dart
DA:9,0
DA:11,0
DA:12,0
LF:3
LH:0
end_of_record
SF:lib\presentation\bloc\recommendation_tv_series_bloc\recommendation_tv_series_event.dart
DA:4,2
DA:6,0
DA:7,0
DA:13,2
DA:14,0
DA:15,0
LF:6
LH:2
end_of_record
SF:lib\presentation\bloc\recommendation_tv_series_bloc\recommendation_tv_series_state.dart
DA:4,4
DA:6,1
DA:7,1
DA:17,3
DA:19,1
DA:20,2
DA:26,2
DA:28,1
DA:29,2
LF:9
LH:9
end_of_record
SF:lib\presentation\bloc\recommendation_tv_series_bloc\recommendation_tv_series_bloc.dart
DA:13,1
DA:14,2
DA:15,2
DA:16,2
DA:18,1
DA:19,2
DA:21,1
DA:22,4
DA:23,1
DA:24,1
DA:25,2
DA:27,2
LF:12
LH:12
end_of_record
SF:lib\domain\usecases\get_top_rated_tv_series.dart
DA:9,0
DA:11,0
DA:12,0
LF:3
LH:0
end_of_record
SF:lib\presentation\bloc\top_rated_tv_series_bloc\top_rated_tv_series_event.dart
DA:4,2
DA:6,0
DA:7,0
LF:3
LH:1
end_of_record
SF:lib\presentation\bloc\top_rated_tv_series_bloc\top_rated_tv_series_bloc.dart
DA:13,1
DA:14,2
DA:15,2
DA:16,2
DA:18,2
DA:20,1
DA:21,4
DA:22,3
LF:8
LH:8
end_of_record
SF:lib\presentation\bloc\top_rated_tv_series_bloc\top_rated_tv_series_state.dart
DA:4,4
DA:6,1
DA:7,1
DA:17,3
DA:19,1
DA:20,2
DA:26,2
DA:28,1
DA:29,2
LF:9
LH:9
end_of_record
SF:lib\domain\usecases\get_watchlist_tv_series.dart
DA:9,0
DA:11,0
DA:12,0
LF:3
LH:0
end_of_record
SF:lib\presentation\bloc\watchlist_tv_series_bloc\watchlist_tv_series_state.dart
DA:4,4
DA:6,1
DA:7,1
DA:17,3
DA:19,1
DA:20,2
DA:26,2
DA:28,1
DA:29,2
LF:9
LH:9
end_of_record
SF:lib\presentation\bloc\watchlist_tv_series_bloc\watchlist_tv_series_event.dart
DA:4,2
DA:6,0
DA:7,0
LF:3
LH:1
end_of_record
SF:lib\presentation\bloc\watchlist_tv_series_bloc\watchlist_tv_series_bloc.dart
DA:13,1
DA:14,2
DA:15,2
DA:16,2
DA:18,2
DA:20,1
DA:21,4
DA:22,1
DA:23,1
DA:24,2
DA:26,2
LF:11
LH:11
end_of_record
SF:lib\domain\usecases\get_watchlist_status_tv_series.dart
DA:6,0
DA:8,0
DA:9,0
LF:3
LH:0
end_of_record
SF:lib\domain\usecases\remove_watchlist_tv_series.dart
DA:9,0
DA:11,0
DA:12,0
LF:3
LH:0
end_of_record
SF:lib\domain\usecases\save_watchlist_tv_series.dart
DA:9,0
DA:11,0
DA:12,0
LF:3
LH:0
end_of_record
SF:lib\presentation\bloc\watchlist_status_tv_series_bloc\watchlist_status_tv_series_event.dart
DA:4,3
DA:6,0
DA:7,0
DA:13,2
DA:14,0
DA:15,0
DA:21,2
DA:22,0
DA:23,0
DA:29,2
DA:30,0
DA:31,0
LF:12
LH:4
end_of_record
SF:lib\presentation\bloc\watchlist_status_tv_series_bloc\watchlist_status_tv_series_state.dart
DA:7,5
DA:11,1
DA:12,3
LF:3
LH:3
end_of_record
SF:lib\presentation\bloc\watchlist_status_tv_series_bloc\watchlist_status_tv_series_bloc.dart
DA:20,1
DA:24,1
DA:26,2
DA:27,1
DA:28,1
DA:30,2
DA:31,2
DA:33,1
DA:34,1
DA:35,2
DA:37,1
DA:40,1
DA:41,2
DA:49,2
DA:50,1
DA:51,1
DA:53,2
DA:54,2
DA:56,1
DA:57,1
DA:58,2
DA:60,1
DA:63,1
DA:64,2
DA:72,2
DA:73,1
DA:74,2
DA:76,2
LF:28
LH:28
end_of_record
SF:lib\presentation\pages\now_playing_tv_series_page.dart
DA:9,1
DA:11,1
DA:12,1
DA:16,1
DA:18,1
DA:19,1
DA:20,1
DA:21,4
DA:25,1
DA:27,1
DA:28,1
DA:31,1
DA:33,1
DA:34,1
DA:35,1
DA:39,1
DA:40,1
DA:41,1
DA:42,2
DA:43,1
DA:45,2
DA:47,1
DA:48,1
DA:50,2
LF:24
LH:24
end_of_record
SF:lib\presentation\widgets\tv_series_card_list.dart
DA:10,4
DA:12,4
DA:14,4
DA:16,4
DA:17,0
DA:18,0
DA:21,0
DA:24,4
DA:26,4
DA:27,4
DA:28,4
DA:34,4
DA:36,4
DA:37,4
DA:38,8
DA:41,4
DA:44,4
DA:45,8
DA:53,4
DA:58,4
DA:60,4
DA:61,12
DA:63,4
DA:66,0
LF:24
LH:20
end_of_record
SF:lib\presentation\pages\popular_tv_series_page.dart
DA:9,1
DA:11,1
DA:12,1
DA:16,1
DA:18,1
DA:19,1
DA:20,5
DA:24,1
DA:26,1
DA:27,1
DA:30,1
DA:32,1
DA:33,1
DA:34,1
DA:38,1
DA:39,1
DA:40,1
DA:41,2
DA:42,1
DA:44,2
DA:46,1
DA:47,1
DA:49,2
LF:23
LH:23
end_of_record
SF:lib\presentation\pages\top_rated_tv_series_page.dart
DA:9,1
DA:11,1
DA:12,1
DA:16,1
DA:18,1
DA:19,1
DA:20,5
DA:24,1
DA:26,1
DA:27,1
DA:30,1
DA:32,1
DA:33,1
DA:34,1
DA:38,1
DA:39,1
DA:40,1
DA:41,2
DA:42,1
DA:44,2
DA:46,1
DA:47,1
DA:49,2
LF:23
LH:23
end_of_record
SF:lib\presentation\pages\watchlist_tv_series_page.dart
DA:10,1
DA:12,1
DA:13,1
DA:18,1
DA:20,1
DA:21,1
DA:22,5
DA:26,1
DA:28,1
DA:29,4
DA:32,0
DA:34,0
DA:37,1
DA:39,1
DA:41,1
DA:43,1
DA:44,1
DA:45,1
DA:49,1
DA:50,1
DA:51,1
DA:52,2
DA:53,1
DA:55,2
DA:57,1
DA:58,1
DA:60,2
DA:73,1
DA:75,2
DA:76,1
LF:30
LH:28
end_of_record
SF:lib\presentation\pages\tv_series_detail_page.dart
DA:17,1
DA:19,1
DA:20,1
DA:24,1
DA:26,1
DA:27,2
DA:28,2
DA:29,4
DA:30,1
DA:31,1
DA:32,2
DA:33,1
DA:34,1
DA:35,2
DA:39,1
DA:41,1
DA:42,1
DA:43,1
DA:44,1
DA:48,1
DA:49,3
DA:50,1
DA:51,1
DA:53,2
DA:56,0
DA:67,1
DA:69,1
DA:71,3
DA:72,1
DA:73,1
DA:74,1
DA:75,3
DA:77,1
DA:80,0
DA:82,1
DA:84,1
DA:85,1
DA:86,1
DA:96,1
DA:97,1
DA:98,1
DA:100,1
DA:102,1
DA:104,1
DA:105,1
DA:106,2
DA:107,1
DA:109,1
DA:111,1
DA:112,2
DA:115,2
DA:118,1
DA:119,1
DA:120,2
DA:121,1
DA:122,2
DA:126,1
DA:128,1
DA:129,1
DA:130,2
DA:136,1
DA:137,3
DA:138,2
DA:139,1
DA:140,1
DA:142,1
DA:143,1
DA:145,1
DA:146,1
DA:147,1
DA:148,1
DA:153,1
DA:154,1
DA:155,1
DA:156,1
DA:161,1
DA:163,1
DA:164,1
DA:173,1
DA:174,3
DA:176,1
DA:177,1
DA:178,1
DA:179,3
DA:181,1
DA:187,4
DA:191,1
DA:193,1
DA:195,1
DA:196,2
DA:199,1
DA:201,1
DA:203,1
DA:205,1
DA:207,4
DA:208,1
DA:210,1
DA:211,1
DA:212,1
DA:214,1
DA:215,1
DA:216,1
DA:217,1
DA:218,1
DA:221,1
DA:229,3
DA:230,3
DA:234,1
DA:237,1
DA:239,1
DA:241,1
DA:243,1
DA:244,1
DA:249,1
DA:250,1
DA:252,1
DA:254,1
DA:255,2
DA:256,1
DA:258,1
DA:259,0
DA:260,0
DA:263,0
DA:266,1
DA:271,1
DA:273,2
DA:274,1
DA:280,0
DA:287,2
DA:291,1
DA:292,1
DA:293,2
DA:296,1
DA:297,1
DA:298,1
DA:299,1
DA:313,1
DA:315,1
DA:330,1
DA:332,1
DA:335,1
DA:337,0
DA:338,0
DA:347,1
DA:349,2
DA:350,3
DA:353,1
DA:357,3
LF:148
LH:140
end_of_record
