SF:lib\domain\usecases\get_movie_detail.dart
DA:9,1
DA:11,1
DA:12,2
LF:3
LH:3
end_of_record
SF:lib\domain\usecases\get_movie_recommendations.dart
DA:9,1
DA:11,1
DA:12,2
LF:3
LH:3
end_of_record
SF:lib\presentation\bloc\recommendation_movie_bloc\recommendation_movie_event.dart
DA:4,2
DA:6,0
DA:7,0
DA:13,2
DA:14,0
DA:15,0
LF:6
LH:2
end_of_record
SF:lib\presentation\bloc\recommendation_movie_bloc\recommendation_movie_state.dart
DA:4,4
DA:6,1
DA:7,1
DA:17,3
DA:19,1
DA:20,2
DA:26,2
DA:28,1
DA:29,2
LF:9
LH:9
end_of_record
SF:lib\presentation\bloc\recommendation_movie_bloc\recommendation_movie_bloc.dart
DA:13,1
DA:14,2
DA:15,2
DA:16,2
DA:18,1
DA:19,2
DA:21,1
DA:22,4
DA:23,1
DA:24,1
DA:25,2
DA:27,2
LF:12
LH:12
end_of_record
SF:lib\domain\usecases\get_now_playing_movies.dart
DA:9,1
DA:11,1
DA:12,2
LF:3
LH:3
end_of_record
SF:lib\domain\usecases\get_popular_movies.dart
DA:9,1
DA:11,1
DA:12,2
LF:3
LH:3
end_of_record
SF:lib\domain\usecases\get_top_rated_movies.dart
DA:9,1
DA:11,1
DA:12,2
LF:3
LH:3
end_of_record
SF:lib\domain\usecases\get_watchlist_movies.dart
DA:9,1
DA:11,1
DA:12,2
LF:3
LH:3
end_of_record
SF:lib\domain\usecases\get_watchlist_status.dart
DA:6,1
DA:8,1
DA:9,2
LF:3
LH:3
end_of_record
SF:lib\domain\usecases\remove_watchlist.dart
DA:9,1
DA:11,1
DA:12,2
LF:3
LH:3
end_of_record
SF:lib\domain\usecases\save_watchlist.dart
DA:9,1
DA:11,1
DA:12,2
LF:3
LH:3
end_of_record
SF:lib\presentation\bloc\detail_movie_bloc\detail_movie_state.dart
DA:4,4
DA:6,1
DA:7,1
DA:17,3
DA:19,1
DA:20,2
DA:26,2
DA:28,1
DA:29,2
LF:9
LH:9
end_of_record
SF:lib\presentation\bloc\detail_movie_bloc\detail_movie_event.dart
DA:4,2
DA:6,0
DA:7,0
DA:13,2
DA:15,0
DA:16,0
LF:6
LH:2
end_of_record
SF:lib\presentation\bloc\detail_movie_bloc\detail_movie_bloc.dart
DA:12,1
DA:14,2
DA:15,2
DA:16,2
DA:18,1
DA:19,2
DA:21,1
DA:22,4
DA:23,3
LF:9
LH:9
end_of_record
SF:lib\presentation\bloc\now_playing_movie_bloc\now_playing_movie_event.dart
DA:4,1
DA:6,0
DA:7,0
LF:3
LH:1
end_of_record
SF:lib\presentation\bloc\now_playing_movie_bloc\now_playing_movie_state.dart
DA:4,1
DA:6,1
DA:7,1
DA:17,1
DA:19,1
DA:20,2
DA:26,1
DA:28,1
DA:29,2
LF:9
LH:9
end_of_record
SF:lib\presentation\bloc\now_playing_movie_bloc\now_playing_movie_bloc.dart
DA:13,1
DA:14,2
DA:15,2
DA:16,2
DA:18,2
DA:20,5
DA:21,1
DA:22,1
DA:23,2
DA:25,2
LF:10
LH:10
end_of_record
SF:lib\presentation\bloc\popular_movie_bloc\popular_movie_state.dart
DA:4,3
DA:6,1
DA:7,1
DA:17,2
DA:19,1
DA:20,2
DA:26,2
DA:28,1
DA:29,2
LF:9
LH:9
end_of_record
SF:lib\presentation\bloc\popular_movie_bloc\popular_movie_bloc.dart
DA:11,3
DA:12,2
DA:13,2
DA:15,2
DA:17,1
DA:18,4
DA:19,1
DA:20,1
DA:21,2
DA:23,2
LF:10
LH:10
end_of_record
SF:lib\presentation\bloc\popular_movie_bloc\popular_movie_event.dart
DA:4,2
DA:6,0
DA:7,0
LF:3
LH:1
end_of_record
SF:lib\presentation\bloc\top_rated_movie_bloc\top_rated_movie_state.dart
DA:4,3
DA:6,1
DA:7,1
DA:17,2
DA:19,1
DA:20,2
DA:26,2
DA:28,1
DA:29,2
LF:9
LH:9
end_of_record
SF:lib\presentation\bloc\top_rated_movie_bloc\top_rated_movie_bloc.dart
DA:12,3
DA:13,2
DA:14,2
DA:16,2
DA:18,1
DA:19,4
DA:20,1
DA:21,1
DA:22,2
DA:24,2
LF:10
LH:10
end_of_record
SF:lib\presentation\bloc\top_rated_movie_bloc\top_rated_movie_event.dart
DA:4,2
DA:6,0
DA:7,0
LF:3
LH:1
end_of_record
SF:lib\presentation\bloc\watchlist_movie_bloc\watchlist_movie_state.dart
DA:4,3
DA:6,1
DA:7,1
DA:17,2
DA:19,1
DA:20,2
DA:26,2
DA:28,1
DA:29,2
LF:9
LH:9
end_of_record
SF:lib\presentation\bloc\watchlist_movie_bloc\watchlist_movie_bloc.dart
DA:12,3
DA:13,2
DA:14,2
DA:16,2
DA:18,1
DA:19,4
DA:20,1
DA:21,1
DA:22,2
DA:24,2
LF:10
LH:10
end_of_record
SF:lib\presentation\bloc\watchlist_movie_bloc\watchlist_movie_event.dart
DA:4,2
DA:6,0
DA:7,0
LF:3
LH:1
end_of_record
SF:lib\presentation\bloc\watchlist_status_movie_bloc\watchlist_status_movie_event.dart
DA:4,3
DA:6,0
DA:7,0
DA:13,2
DA:14,0
DA:15,0
DA:21,2
DA:22,0
DA:23,0
DA:29,2
DA:30,0
DA:31,0
LF:12
LH:4
end_of_record
SF:lib\presentation\bloc\watchlist_status_movie_bloc\watchlist_status_movie_state.dart
DA:7,5
DA:12,1
DA:13,3
LF:3
LH:3
end_of_record
SF:lib\presentation\bloc\watchlist_status_movie_bloc\watchlist_status_movie_bloc.dart
DA:20,1
DA:24,1
DA:26,2
DA:27,1
DA:28,1
DA:30,2
DA:31,2
DA:33,1
DA:34,1
DA:35,2
DA:37,1
DA:40,1
DA:41,2
DA:49,2
DA:50,1
DA:51,1
DA:53,2
DA:54,2
DA:56,1
DA:57,1
DA:58,2
DA:60,1
DA:63,1
DA:64,2
DA:72,2
DA:73,1
DA:74,2
DA:76,2
LF:28
LH:28
end_of_record
SF:lib\presentation\pages\popular_movies_page.dart
DA:9,1
DA:11,1
DA:12,1
DA:16,1
DA:18,1
DA:19,1
DA:20,5
DA:24,1
DA:26,1
DA:27,1
DA:30,1
DA:31,1
DA:32,1
DA:36,1
DA:37,1
DA:38,1
DA:39,2
DA:40,1
DA:42,2
DA:44,1
DA:45,1
DA:47,2
LF:22
LH:22
end_of_record
SF:lib\presentation\widgets\movie_card_list.dart
DA:10,3
DA:12,3
DA:14,3
DA:16,3
DA:17,0
DA:18,0
DA:21,0
DA:24,3
DA:26,3
DA:27,3
DA:28,3
DA:34,3
DA:36,3
DA:37,3
DA:38,6
DA:41,3
DA:44,3
DA:45,6
DA:53,3
DA:58,3
DA:60,3
DA:61,9
DA:63,3
DA:66,0
LF:24
LH:20
end_of_record
SF:lib\presentation\pages\top_rated_movies_page.dart
DA:9,1
DA:11,1
DA:12,1
DA:16,1
DA:18,1
DA:19,1
DA:20,5
DA:24,1
DA:26,1
DA:27,1
DA:30,1
DA:32,1
DA:33,1
DA:34,1
DA:38,1
DA:39,1
DA:40,1
DA:41,2
DA:42,1
DA:44,2
DA:46,1
DA:47,1
DA:49,2
LF:23
LH:23
end_of_record
SF:lib\presentation\pages\movie_detail_page.dart
DA:17,1
DA:19,1
DA:20,1
DA:24,1
DA:26,1
DA:27,2
DA:28,2
DA:29,4
DA:30,1
DA:31,1
DA:32,2
DA:33,4
DA:37,1
DA:39,1
DA:40,1
DA:41,1
DA:42,1
DA:46,1
DA:47,3
DA:48,1
DA:49,1
DA:51,2
DA:54,0
DA:65,1
DA:67,1
DA:69,3
DA:70,1
DA:71,1
DA:72,1
DA:73,3
DA:75,1
DA:78,0
DA:80,1
DA:82,1
DA:83,1
DA:84,1
DA:94,1
DA:95,1
DA:96,1
DA:98,1
DA:100,1
DA:102,1
DA:103,1
DA:104,2
DA:105,1
DA:107,1
DA:109,1
DA:110,2
DA:113,2
DA:116,1
DA:117,1
DA:118,2
DA:119,1
DA:120,2
DA:124,1
DA:126,1
DA:127,1
DA:128,2
DA:134,1
DA:135,3
DA:136,2
DA:137,1
DA:138,1
DA:140,1
DA:141,1
DA:143,1
DA:144,1
DA:145,1
DA:146,1
DA:151,1
DA:152,1
DA:153,1
DA:154,1
DA:159,1
DA:161,1
DA:162,1
DA:171,1
DA:172,3
DA:174,1
DA:175,3
DA:177,1
DA:178,1
DA:179,1
DA:180,3
DA:182,1
DA:188,4
DA:192,1
DA:194,1
DA:196,1
DA:197,2
DA:200,1
DA:202,1
DA:204,1
DA:206,1
DA:207,1
DA:212,1
DA:213,1
DA:215,1
DA:217,1
DA:218,2
DA:219,1
DA:221,1
DA:222,0
DA:223,0
DA:226,0
DA:229,1
DA:234,1
DA:236,2
DA:237,1
DA:243,0
DA:250,2
DA:253,1
DA:254,1
DA:255,2
DA:258,1
DA:259,1
DA:260,1
DA:261,1
DA:275,1
DA:277,1
DA:292,1
DA:294,1
DA:297,1
DA:299,0
DA:300,0
DA:309,1
DA:311,2
DA:312,3
DA:315,1
DA:319,3
DA:322,1
DA:323,1
DA:324,1
DA:326,1
DA:327,1
DA:329,0
LF:136
LH:127
end_of_record
SF:lib\presentation\pages\watchlist_movies_page.dart
DA:10,1
DA:12,1
DA:13,1
DA:18,1
DA:20,1
DA:21,1
DA:22,5
DA:26,1
DA:28,1
DA:29,4
DA:32,0
DA:34,0
DA:37,1
DA:39,1
DA:42,1
DA:44,1
DA:45,1
DA:46,1
DA:50,1
DA:51,1
DA:52,1
DA:53,2
DA:54,1
DA:56,2
DA:58,1
DA:59,1
DA:61,2
DA:74,1
DA:76,2
DA:77,1
LF:30
LH:28
end_of_record
